============================= test session starts ==============================
platform linux -- Python 3.11.15, pytest-9.0.3, pluggy-1.6.0
rootdir: /home/matthew/COMPSCI790-Homework-Repository/Homework-6
collected 18 items

tests/test_policy.py ........                                            [ 44%]
tests/test_spatial_baselines.py ....                                     [ 66%]
tests/test_spatial_policy.py ......                                      [100%]

============================== 18 passed in 0.02s ==============================
